<?xml version="1.0" encoding="UTF-8"?>
<!-- Generated by org.testng.reporters.JUnitReportReporter -->
<testsuite hostname="ragavboom-PC" name="org.read.Execution" tests="1" failures="0" timestamp="14 Jun 2020 16:19:37 GMT" time="45.373" errors="0">
  <testcase name="test" time="45.373" classname="org.read.Execution"/>
</testsuite> <!-- org.read.Execution -->
