<?xml version="1.0" encoding="UTF-8"?>
<!-- Generated by org.testng.reporters.JUnitReportReporter -->
<testsuite hostname="ragavboom-PC" name="org.read.TaskPurple" tests="1" failures="0" timestamp="30 Jun 2020 08:41:53 GMT" time="36.553" errors="0">
  <testcase name="purple" time="36.553" classname="org.read.TaskPurple"/>
</testsuite> <!-- org.read.TaskPurple -->
